
    TreeAnnotator v1.10.4 Prerelease #bc6cbd9, 2002-2018
                    MCMC Output analysis
                             by
           Andrew Rambaut and Alexei J. Drummond

             Institute of Evolutionary Biology
                  University of Edinburgh
                     a.rambaut@ed.ac.uk

               Department of Computer Science
                   University of Auckland
                  alexei@cs.auckland.ac.nz


Reading trees (bar assumes 10,000 trees)...
0              25             50             75            100
|--------------|--------------|--------------|--------------|
************************************************************

Total trees read: 10001
Ignoring first 1000 trees (1000 states).
Total unique clades: 461

Finding maximum credibility tree...
Analyzing 9001 trees...
0              25             50             75            100
|--------------|--------------|--------------|--------------|
************************************************************

Best tree: STATE_10174000 (tree number 5088)
Highest Log Clade Credibility: -47.150637865695316
Collecting node information...
0              25             50             75            100
|--------------|--------------|--------------|--------------|
************************************************************

Annotating target tree...
Writing annotated tree....
